----------------------------------------------------------------
Fri Aug 19 08:45:43 SAST 2022:
Booting Derby version The Apache Software Foundation - Apache Derby - 10.11.1.2 - (1629631): instance a816c00e-0182-b4d9-b812-000007413d48 
on database directory C:\Users\User\Documents\Work\PRJ\Hotel-Reservations\guestdata with class loader jdk.internal.loader.ClassLoaders$AppClassLoader@659e0bfd 
Loaded from file:/C:/Users/User/Documents/Work/PRJ/Hotel-Reservations/lib/derby.jar
java.vendor=Oracle Corporation
java.runtime.version=16.0.1+9-24
user.dir=C:\Users\User\Documents\Work\PRJ\Hotel-Reservations
os.name=Windows 10
os.arch=amd64
os.version=10.0
derby.system.home=null
----------------------------------------------------------------
Fri Aug 19 08:45:44 SAST 2022:
Shutting down instance a816c00e-0182-b4d9-b812-000007413d48 on database directory C:\Users\User\Documents\Work\PRJ\Hotel-Reservations\guestdata with class loader jdk.internal.loader.ClassLoaders$AppClassLoader@659e0bfd 
Fri Aug 19 08:45:44 SAST 2022 Thread[main,5,main] Cleanup action starting
java.sql.SQLException: Failed to start database 'guestdata' with class loader jdk.internal.loader.ClassLoaders$AppClassLoader@659e0bfd, see the next exception for details.
	at org.apache.derby.impl.jdbc.SQLExceptionFactory.getSQLException(Unknown Source)
	at org.apache.derby.impl.jdbc.SQLExceptionFactory.getSQLException(Unknown Source)
	at org.apache.derby.impl.jdbc.Util.seeNextException(Unknown Source)
	at org.apache.derby.impl.jdbc.EmbedConnection.bootDatabase(Unknown Source)
	at org.apache.derby.impl.jdbc.EmbedConnection.<init>(Unknown Source)
	at org.apache.derby.jdbc.InternalDriver.getNewEmbedConnection(Unknown Source)
	at org.apache.derby.jdbc.InternalDriver.connect(Unknown Source)
	at org.apache.derby.jdbc.InternalDriver.connect(Unknown Source)
	at org.apache.derby.jdbc.AutoloadedDriver.connect(Unknown Source)
	at java.sql/java.sql.DriverManager.getConnection(DriverManager.java:677)
	at java.sql/java.sql.DriverManager.getConnection(DriverManager.java:251)
	at guest.guestlist.doconnect(guestlist.java:44)
	at guest.guestlist.<init>(guestlist.java:35)
	at guest.Guest.main(Guest.java:19)
Caused by: ERROR XJ040: Failed to start database 'guestdata' with class loader jdk.internal.loader.ClassLoaders$AppClassLoader@659e0bfd, see the next exception for details.
	at org.apache.derby.iapi.error.StandardException.newException(Unknown Source)
	at org.apache.derby.impl.jdbc.SQLExceptionFactory.wrapArgsForTransportAcrossDRDA(Unknown Source)
	... 14 more
Caused by: ERROR XSAI2: The conglomerate (16) requested does not exist.
	at org.apache.derby.iapi.error.StandardException.newException(Unknown Source)
	at org.apache.derby.iapi.error.StandardException.newException(Unknown Source)
	at org.apache.derby.impl.store.access.heap.HeapConglomerateFactory.readConglomerate(Unknown Source)
	at org.apache.derby.impl.store.access.CacheableConglomerate.setIdentity(Unknown Source)
	at org.apache.derby.impl.services.cache.ConcurrentCache.find(Unknown Source)
	at org.apache.derby.impl.store.access.RAMAccessManager.conglomCacheFind(Unknown Source)
	at org.apache.derby.impl.store.access.RAMTransaction.findConglomerate(Unknown Source)
	at org.apache.derby.impl.store.access.RAMTransaction.findExistingConglomerate(Unknown Source)
	at org.apache.derby.impl.store.access.RAMTransaction.openScan(Unknown Source)
	at org.apache.derby.impl.store.access.PropertyConglomerate.openScan(Unknown Source)
	at org.apache.derby.impl.store.access.PropertyConglomerate.readDbProperties(Unknown Source)
	at org.apache.derby.impl.store.access.PropertyConglomerate.getCachedDbProperties(Unknown Source)
	at org.apache.derby.impl.store.access.PropertyConglomerate.getCachedProperty(Unknown Source)
	at org.apache.derby.impl.store.access.PropertyConglomerate.getProperty(Unknown Source)
	at org.apache.derby.impl.store.access.PC_XenaVersion.upgradeIfNeeded(Unknown Source)
	at org.apache.derby.impl.store.access.PropertyConglomerate.<init>(Unknown Source)
	at org.apache.derby.impl.store.access.RAMAccessManager.boot(Unknown Source)
	at org.apache.derby.impl.services.monitor.BaseMonitor.boot(Unknown Source)
	at org.apache.derby.impl.services.monitor.TopService.bootModule(Unknown Source)
	at org.apache.derby.impl.services.monitor.BaseMonitor.startModule(Unknown Source)
	at org.apache.derby.impl.services.monitor.FileMonitor.startModule(Unknown Source)
	at org.apache.derby.iapi.services.monitor.Monitor.bootServiceModule(Unknown Source)
	at org.apache.derby.impl.db.BasicDatabase.bootStore(Unknown Source)
	at org.apache.derby.impl.db.BasicDatabase.boot(Unknown Source)
	at org.apache.derby.impl.services.monitor.BaseMonitor.boot(Unknown Source)
	at org.apache.derby.impl.services.monitor.TopService.bootModule(Unknown Source)
	at org.apache.derby.impl.services.monitor.BaseMonitor.bootService(Unknown Source)
	at org.apache.derby.impl.services.monitor.BaseMonitor.startProviderService(Unknown Source)
	at org.apache.derby.impl.services.monitor.BaseMonitor.findProviderAndStartService(Unknown Source)
	at org.apache.derby.impl.services.monitor.BaseMonitor.startPersistentService(Unknown Source)
	at org.apache.derby.iapi.services.monitor.Monitor.startPersistentService(Unknown Source)
	... 11 more
============= begin nested exception, level (1) ===========
java.sql.SQLException: The conglomerate (16) requested does not exist.
	at org.apache.derby.impl.jdbc.SQLExceptionFactory.getSQLException(Unknown Source)
	at org.apache.derby.impl.jdbc.Util.generateCsSQLException(Unknown Source)
	at org.apache.derby.impl.jdbc.EmbedConnection.bootDatabase(Unknown Source)
	at org.apache.derby.impl.jdbc.EmbedConnection.<init>(Unknown Source)
	at org.apache.derby.jdbc.InternalDriver.getNewEmbedConnection(Unknown Source)
	at org.apache.derby.jdbc.InternalDriver.connect(Unknown Source)
	at org.apache.derby.jdbc.InternalDriver.connect(Unknown Source)
	at org.apache.derby.jdbc.AutoloadedDriver.connect(Unknown Source)
	at java.sql/java.sql.DriverManager.getConnection(DriverManager.java:677)
	at java.sql/java.sql.DriverManager.getConnection(DriverManager.java:251)
	at guest.guestlist.doconnect(guestlist.java:44)
	at guest.guestlist.<init>(guestlist.java:35)
	at guest.Guest.main(Guest.java:19)
Caused by: ERROR XSAI2: The conglomerate (16) requested does not exist.
	at org.apache.derby.iapi.error.StandardException.newException(Unknown Source)
	at org.apache.derby.iapi.error.StandardException.newException(Unknown Source)
	at org.apache.derby.impl.store.access.heap.HeapConglomerateFactory.readConglomerate(Unknown Source)
	at org.apache.derby.impl.store.access.CacheableConglomerate.setIdentity(Unknown Source)
	at org.apache.derby.impl.services.cache.ConcurrentCache.find(Unknown Source)
	at org.apache.derby.impl.store.access.RAMAccessManager.conglomCacheFind(Unknown Source)
	at org.apache.derby.impl.store.access.RAMTransaction.findConglomerate(Unknown Source)
	at org.apache.derby.impl.store.access.RAMTransaction.findExistingConglomerate(Unknown Source)
	at org.apache.derby.impl.store.access.RAMTransaction.openScan(Unknown Source)
	at org.apache.derby.impl.store.access.PropertyConglomerate.openScan(Unknown Source)
	at org.apache.derby.impl.store.access.PropertyConglomerate.readDbProperties(Unknown Source)
	at org.apache.derby.impl.store.access.PropertyConglomerate.getCachedDbProperties(Unknown Source)
	at org.apache.derby.impl.store.access.PropertyConglomerate.getCachedProperty(Unknown Source)
	at org.apache.derby.impl.store.access.PropertyConglomerate.getProperty(Unknown Source)
	at org.apache.derby.impl.store.access.PC_XenaVersion.upgradeIfNeeded(Unknown Source)
	at org.apache.derby.impl.store.access.PropertyConglomerate.<init>(Unknown Source)
	at org.apache.derby.impl.store.access.RAMAccessManager.boot(Unknown Source)
	at org.apache.derby.impl.services.monitor.BaseMonitor.boot(Unknown Source)
	at org.apache.derby.impl.services.monitor.TopService.bootModule(Unknown Source)
	at org.apache.derby.impl.services.monitor.BaseMonitor.startModule(Unknown Source)
	at org.apache.derby.impl.services.monitor.FileMonitor.startModule(Unknown Source)
	at org.apache.derby.iapi.services.monitor.Monitor.bootServiceModule(Unknown Source)
	at org.apache.derby.impl.db.BasicDatabase.bootStore(Unknown Source)
	at org.apache.derby.impl.db.BasicDatabase.boot(Unknown Source)
	at org.apache.derby.impl.services.monitor.BaseMonitor.boot(Unknown Source)
	at org.apache.derby.impl.services.monitor.TopService.bootModule(Unknown Source)
	at org.apache.derby.impl.services.monitor.BaseMonitor.bootService(Unknown Source)
	at org.apache.derby.impl.services.monitor.BaseMonitor.startProviderService(Unknown Source)
	at org.apache.derby.impl.services.monitor.BaseMonitor.findProviderAndStartService(Unknown Source)
	at org.apache.derby.impl.services.monitor.BaseMonitor.startPersistentService(Unknown Source)
	at org.apache.derby.iapi.services.monitor.Monitor.startPersistentService(Unknown Source)
	... 11 more
============= end nested exception, level (1) ===========
============= begin nested exception, level (2) ===========
ERROR XSAI2: The conglomerate (16) requested does not exist.
	at org.apache.derby.iapi.error.StandardException.newException(Unknown Source)
	at org.apache.derby.iapi.error.StandardException.newException(Unknown Source)
	at org.apache.derby.impl.store.access.heap.HeapConglomerateFactory.readConglomerate(Unknown Source)
	at org.apache.derby.impl.store.access.CacheableConglomerate.setIdentity(Unknown Source)
	at org.apache.derby.impl.services.cache.ConcurrentCache.find(Unknown Source)
	at org.apache.derby.impl.store.access.RAMAccessManager.conglomCacheFind(Unknown Source)
	at org.apache.derby.impl.store.access.RAMTransaction.findConglomerate(Unknown Source)
	at org.apache.derby.impl.store.access.RAMTransaction.findExistingConglomerate(Unknown Source)
	at org.apache.derby.impl.store.access.RAMTransaction.openScan(Unknown Source)
	at org.apache.derby.impl.store.access.PropertyConglomerate.openScan(Unknown Source)
	at org.apache.derby.impl.store.access.PropertyConglomerate.readDbProperties(Unknown Source)
	at org.apache.derby.impl.store.access.PropertyConglomerate.getCachedDbProperties(Unknown Source)
	at org.apache.derby.impl.store.access.PropertyConglomerate.getCachedProperty(Unknown Source)
	at org.apache.derby.impl.store.access.PropertyConglomerate.getProperty(Unknown Source)
	at org.apache.derby.impl.store.access.PC_XenaVersion.upgradeIfNeeded(Unknown Source)
	at org.apache.derby.impl.store.access.PropertyConglomerate.<init>(Unknown Source)
	at org.apache.derby.impl.store.access.RAMAccessManager.boot(Unknown Source)
	at org.apache.derby.impl.services.monitor.BaseMonitor.boot(Unknown Source)
	at org.apache.derby.impl.services.monitor.TopService.bootModule(Unknown Source)
	at org.apache.derby.impl.services.monitor.BaseMonitor.startModule(Unknown Source)
	at org.apache.derby.impl.services.monitor.FileMonitor.startModule(Unknown Source)
	at org.apache.derby.iapi.services.monitor.Monitor.bootServiceModule(Unknown Source)
	at org.apache.derby.impl.db.BasicDatabase.bootStore(Unknown Source)
	at org.apache.derby.impl.db.BasicDatabase.boot(Unknown Source)
	at org.apache.derby.impl.services.monitor.BaseMonitor.boot(Unknown Source)
	at org.apache.derby.impl.services.monitor.TopService.bootModule(Unknown Source)
	at org.apache.derby.impl.services.monitor.BaseMonitor.bootService(Unknown Source)
	at org.apache.derby.impl.services.monitor.BaseMonitor.startProviderService(Unknown Source)
	at org.apache.derby.impl.services.monitor.BaseMonitor.findProviderAndStartService(Unknown Source)
	at org.apache.derby.impl.services.monitor.BaseMonitor.startPersistentService(Unknown Source)
	at org.apache.derby.iapi.services.monitor.Monitor.startPersistentService(Unknown Source)
	at org.apache.derby.impl.jdbc.EmbedConnection.bootDatabase(Unknown Source)
	at org.apache.derby.impl.jdbc.EmbedConnection.<init>(Unknown Source)
	at org.apache.derby.jdbc.InternalDriver.getNewEmbedConnection(Unknown Source)
	at org.apache.derby.jdbc.InternalDriver.connect(Unknown Source)
	at org.apache.derby.jdbc.InternalDriver.connect(Unknown Source)
	at org.apache.derby.jdbc.AutoloadedDriver.connect(Unknown Source)
	at java.sql/java.sql.DriverManager.getConnection(DriverManager.java:677)
	at java.sql/java.sql.DriverManager.getConnection(DriverManager.java:251)
	at guest.guestlist.doconnect(guestlist.java:44)
	at guest.guestlist.<init>(guestlist.java:35)
	at guest.Guest.main(Guest.java:19)
============= end nested exception, level (2) ===========
Cleanup action completed
----------------------------------------------------------------
Fri Aug 19 08:46:55 SAST 2022:
Booting Derby version The Apache Software Foundation - Apache Derby - 10.11.1.2 - (1629631): instance 601a400f-0182-b4d9-b812-000007413d48 
on database directory C:\Users\User\Documents\Work\PRJ\Hotel-Reservations\guestdata with class loader jdk.internal.loader.ClassLoaders$AppClassLoader@659e0bfd 
Loaded from file:/C:/Users/User/Documents/Work/PRJ/Hotel-Reservations/lib/derby.jar
java.vendor=Oracle Corporation
java.runtime.version=16.0.1+9-24
user.dir=C:\Users\User\Documents\Work\PRJ\Hotel-Reservations
os.name=Windows 10
os.arch=amd64
os.version=10.0
derby.system.home=null
----------------------------------------------------------------
Fri Aug 19 08:46:56 SAST 2022:
Shutting down instance 601a400f-0182-b4d9-b812-000007413d48 on database directory C:\Users\User\Documents\Work\PRJ\Hotel-Reservations\guestdata with class loader jdk.internal.loader.ClassLoaders$AppClassLoader@659e0bfd 
Fri Aug 19 08:46:56 SAST 2022 Thread[AWT-EventQueue-0,6,main] Cleanup action starting
java.sql.SQLException: Failed to start database 'guestdata' with class loader jdk.internal.loader.ClassLoaders$AppClassLoader@659e0bfd, see the next exception for details.
	at org.apache.derby.impl.jdbc.SQLExceptionFactory.getSQLException(Unknown Source)
	at org.apache.derby.impl.jdbc.SQLExceptionFactory.getSQLException(Unknown Source)
	at org.apache.derby.impl.jdbc.Util.seeNextException(Unknown Source)
	at org.apache.derby.impl.jdbc.EmbedConnection.bootDatabase(Unknown Source)
	at org.apache.derby.impl.jdbc.EmbedConnection.<init>(Unknown Source)
	at org.apache.derby.jdbc.InternalDriver.getNewEmbedConnection(Unknown Source)
	at org.apache.derby.jdbc.InternalDriver.connect(Unknown Source)
	at org.apache.derby.jdbc.InternalDriver.connect(Unknown Source)
	at org.apache.derby.jdbc.AutoloadedDriver.connect(Unknown Source)
	at java.sql/java.sql.DriverManager.getConnection(DriverManager.java:677)
	at java.sql/java.sql.DriverManager.getConnection(DriverManager.java:251)
	at guest.guestlist.doconnect(guestlist.java:44)
	at guest.guestlist.<init>(guestlist.java:35)
	at guest.Booking.jButton2ActionPerformed(Booking.java:171)
	at guest.Booking.access$000(Booking.java:11)
	at guest.Booking$1.actionPerformed(Booking.java:52)
	at java.desktop/javax.swing.AbstractButton.fireActionPerformed(AbstractButton.java:1972)
	at java.desktop/javax.swing.AbstractButton$Handler.actionPerformed(AbstractButton.java:2313)
	at java.desktop/javax.swing.DefaultButtonModel.fireActionPerformed(DefaultButtonModel.java:405)
	at java.desktop/javax.swing.DefaultButtonModel.setPressed(DefaultButtonModel.java:262)
	at java.desktop/javax.swing.plaf.basic.BasicButtonListener.mouseReleased(BasicButtonListener.java:279)
	at java.desktop/java.awt.Component.processMouseEvent(Component.java:6617)
	at java.desktop/javax.swing.JComponent.processMouseEvent(JComponent.java:3342)
	at java.desktop/java.awt.Component.processEvent(Component.java:6382)
	at java.desktop/java.awt.Container.processEvent(Container.java:2264)
	at java.desktop/java.awt.Component.dispatchEventImpl(Component.java:4993)
	at java.desktop/java.awt.Container.dispatchEventImpl(Container.java:2322)
	at java.desktop/java.awt.Component.dispatchEvent(Component.java:4825)
	at java.desktop/java.awt.LightweightDispatcher.retargetMouseEvent(Container.java:4934)
	at java.desktop/java.awt.LightweightDispatcher.processMouseEvent(Container.java:4563)
	at java.desktop/java.awt.LightweightDispatcher.dispatchEvent(Container.java:4504)
	at java.desktop/java.awt.Container.dispatchEventImpl(Container.java:2308)
	at java.desktop/java.awt.Window.dispatchEventImpl(Window.java:2773)
	at java.desktop/java.awt.Component.dispatchEvent(Component.java:4825)
	at java.desktop/java.awt.EventQueue.dispatchEventImpl(EventQueue.java:772)
	at java.desktop/java.awt.EventQueue$4.run(EventQueue.java:721)
	at java.desktop/java.awt.EventQueue$4.run(EventQueue.java:715)
	at java.base/java.security.AccessController.doPrivileged(AccessController.java:391)
	at java.base/java.security.ProtectionDomain$JavaSecurityAccessImpl.doIntersectionPrivilege(ProtectionDomain.java:85)
	at java.base/java.security.ProtectionDomain$JavaSecurityAccessImpl.doIntersectionPrivilege(ProtectionDomain.java:95)
	at java.desktop/java.awt.EventQueue$5.run(EventQueue.java:745)
	at java.desktop/java.awt.EventQueue$5.run(EventQueue.java:743)
	at java.base/java.security.AccessController.doPrivileged(AccessController.java:391)
	at java.base/java.security.ProtectionDomain$JavaSecurityAccessImpl.doIntersectionPrivilege(ProtectionDomain.java:85)
	at java.desktop/java.awt.EventQueue.dispatchEvent(EventQueue.java:742)
	at java.desktop/java.awt.EventDispatchThread.pumpOneEventForFilters(EventDispatchThread.java:203)
	at java.desktop/java.awt.EventDispatchThread.pumpEventsForFilter(EventDispatchThread.java:124)
	at java.desktop/java.awt.EventDispatchThread.pumpEventsForHierarchy(EventDispatchThread.java:113)
	at java.desktop/java.awt.EventDispatchThread.pumpEvents(EventDispatchThread.java:109)
	at java.desktop/java.awt.EventDispatchThread.pumpEvents(EventDispatchThread.java:101)
	at java.desktop/java.awt.EventDispatchThread.run(EventDispatchThread.java:90)
Caused by: ERROR XJ040: Failed to start database 'guestdata' with class loader jdk.internal.loader.ClassLoaders$AppClassLoader@659e0bfd, see the next exception for details.
	at org.apache.derby.iapi.error.StandardException.newException(Unknown Source)
	at org.apache.derby.impl.jdbc.SQLExceptionFactory.wrapArgsForTransportAcrossDRDA(Unknown Source)
	... 51 more
Caused by: ERROR XSAI2: The conglomerate (16) requested does not exist.
	at org.apache.derby.iapi.error.StandardException.newException(Unknown Source)
	at org.apache.derby.iapi.error.StandardException.newException(Unknown Source)
	at org.apache.derby.impl.store.access.heap.HeapConglomerateFactory.readConglomerate(Unknown Source)
	at org.apache.derby.impl.store.access.CacheableConglomerate.setIdentity(Unknown Source)
	at org.apache.derby.impl.services.cache.ConcurrentCache.find(Unknown Source)
	at org.apache.derby.impl.store.access.RAMAccessManager.conglomCacheFind(Unknown Source)
	at org.apache.derby.impl.store.access.RAMTransaction.findConglomerate(Unknown Source)
	at org.apache.derby.impl.store.access.RAMTransaction.findExistingConglomerate(Unknown Source)
	at org.apache.derby.impl.store.access.RAMTransaction.openScan(Unknown Source)
	at org.apache.derby.impl.store.access.PropertyConglomerate.openScan(Unknown Source)
	at org.apache.derby.impl.store.access.PropertyConglomerate.readDbProperties(Unknown Source)
	at org.apache.derby.impl.store.access.PropertyConglomerate.getCachedDbProperties(Unknown Source)
	at org.apache.derby.impl.store.access.PropertyConglomerate.getCachedProperty(Unknown Source)
	at org.apache.derby.impl.store.access.PropertyConglomerate.getProperty(Unknown Source)
	at org.apache.derby.impl.store.access.PC_XenaVersion.upgradeIfNeeded(Unknown Source)
	at org.apache.derby.impl.store.access.PropertyConglomerate.<init>(Unknown Source)
	at org.apache.derby.impl.store.access.RAMAccessManager.boot(Unknown Source)
	at org.apache.derby.impl.services.monitor.BaseMonitor.boot(Unknown Source)
	at org.apache.derby.impl.services.monitor.TopService.bootModule(Unknown Source)
	at org.apache.derby.impl.services.monitor.BaseMonitor.startModule(Unknown Source)
	at org.apache.derby.impl.services.monitor.FileMonitor.startModule(Unknown Source)
	at org.apache.derby.iapi.services.monitor.Monitor.bootServiceModule(Unknown Source)
	at org.apache.derby.impl.db.BasicDatabase.bootStore(Unknown Source)
	at org.apache.derby.impl.db.BasicDatabase.boot(Unknown Source)
	at org.apache.derby.impl.services.monitor.BaseMonitor.boot(Unknown Source)
	at org.apache.derby.impl.services.monitor.TopService.bootModule(Unknown Source)
	at org.apache.derby.impl.services.monitor.BaseMonitor.bootService(Unknown Source)
	at org.apache.derby.impl.services.monitor.BaseMonitor.startProviderService(Unknown Source)
	at org.apache.derby.impl.services.monitor.BaseMonitor.findProviderAndStartService(Unknown Source)
	at org.apache.derby.impl.services.monitor.BaseMonitor.startPersistentService(Unknown Source)
	at org.apache.derby.iapi.services.monitor.Monitor.startPersistentService(Unknown Source)
	... 48 more
============= begin nested exception, level (1) ===========
java.sql.SQLException: The conglomerate (16) requested does not exist.
	at org.apache.derby.impl.jdbc.SQLExceptionFactory.getSQLException(Unknown Source)
	at org.apache.derby.impl.jdbc.Util.generateCsSQLException(Unknown Source)
	at org.apache.derby.impl.jdbc.EmbedConnection.bootDatabase(Unknown Source)
	at org.apache.derby.impl.jdbc.EmbedConnection.<init>(Unknown Source)
	at org.apache.derby.jdbc.InternalDriver.getNewEmbedConnection(Unknown Source)
	at org.apache.derby.jdbc.InternalDriver.connect(Unknown Source)
	at org.apache.derby.jdbc.InternalDriver.connect(Unknown Source)
	at org.apache.derby.jdbc.AutoloadedDriver.connect(Unknown Source)
	at java.sql/java.sql.DriverManager.getConnection(DriverManager.java:677)
	at java.sql/java.sql.DriverManager.getConnection(DriverManager.java:251)
	at guest.guestlist.doconnect(guestlist.java:44)
	at guest.guestlist.<init>(guestlist.java:35)
	at guest.Booking.jButton2ActionPerformed(Booking.java:171)
	at guest.Booking.access$000(Booking.java:11)
	at guest.Booking$1.actionPerformed(Booking.java:52)
	at java.desktop/javax.swing.AbstractButton.fireActionPerformed(AbstractButton.java:1972)
	at java.desktop/javax.swing.AbstractButton$Handler.actionPerformed(AbstractButton.java:2313)
	at java.desktop/javax.swing.DefaultButtonModel.fireActionPerformed(DefaultButtonModel.java:405)
	at java.desktop/javax.swing.DefaultButtonModel.setPressed(DefaultButtonModel.java:262)
	at java.desktop/javax.swing.plaf.basic.BasicButtonListener.mouseReleased(BasicButtonListener.java:279)
	at java.desktop/java.awt.Component.processMouseEvent(Component.java:6617)
	at java.desktop/javax.swing.JComponent.processMouseEvent(JComponent.java:3342)
	at java.desktop/java.awt.Component.processEvent(Component.java:6382)
	at java.desktop/java.awt.Container.processEvent(Container.java:2264)
	at java.desktop/java.awt.Component.dispatchEventImpl(Component.java:4993)
	at java.desktop/java.awt.Container.dispatchEventImpl(Container.java:2322)
	at java.desktop/java.awt.Component.dispatchEvent(Component.java:4825)
	at java.desktop/java.awt.LightweightDispatcher.retargetMouseEvent(Container.java:4934)
	at java.desktop/java.awt.LightweightDispatcher.processMouseEvent(Container.java:4563)
	at java.desktop/java.awt.LightweightDispatcher.dispatchEvent(Container.java:4504)
	at java.desktop/java.awt.Container.dispatchEventImpl(Container.java:2308)
	at java.desktop/java.awt.Window.dispatchEventImpl(Window.java:2773)
	at java.desktop/java.awt.Component.dispatchEvent(Component.java:4825)
	at java.desktop/java.awt.EventQueue.dispatchEventImpl(EventQueue.java:772)
	at java.desktop/java.awt.EventQueue$4.run(EventQueue.java:721)
	at java.desktop/java.awt.EventQueue$4.run(EventQueue.java:715)
	at java.base/java.security.AccessController.doPrivileged(AccessController.java:391)
	at java.base/java.security.ProtectionDomain$JavaSecurityAccessImpl.doIntersectionPrivilege(ProtectionDomain.java:85)
	at java.base/java.security.ProtectionDomain$JavaSecurityAccessImpl.doIntersectionPrivilege(ProtectionDomain.java:95)
	at java.desktop/java.awt.EventQueue$5.run(EventQueue.java:745)
	at java.desktop/java.awt.EventQueue$5.run(EventQueue.java:743)
	at java.base/java.security.AccessController.doPrivileged(AccessController.java:391)
	at java.base/java.security.ProtectionDomain$JavaSecurityAccessImpl.doIntersectionPrivilege(ProtectionDomain.java:85)
	at java.desktop/java.awt.EventQueue.dispatchEvent(EventQueue.java:742)
	at java.desktop/java.awt.EventDispatchThread.pumpOneEventForFilters(EventDispatchThread.java:203)
	at java.desktop/java.awt.EventDispatchThread.pumpEventsForFilter(EventDispatchThread.java:124)
	at java.desktop/java.awt.EventDispatchThread.pumpEventsForHierarchy(EventDispatchThread.java:113)
	at java.desktop/java.awt.EventDispatchThread.pumpEvents(EventDispatchThread.java:109)
	at java.desktop/java.awt.EventDispatchThread.pumpEvents(EventDispatchThread.java:101)
	at java.desktop/java.awt.EventDispatchThread.run(EventDispatchThread.java:90)
Caused by: ERROR XSAI2: The conglomerate (16) requested does not exist.
	at org.apache.derby.iapi.error.StandardException.newException(Unknown Source)
	at org.apache.derby.iapi.error.StandardException.newException(Unknown Source)
	at org.apache.derby.impl.store.access.heap.HeapConglomerateFactory.readConglomerate(Unknown Source)
	at org.apache.derby.impl.store.access.CacheableConglomerate.setIdentity(Unknown Source)
	at org.apache.derby.impl.services.cache.ConcurrentCache.find(Unknown Source)
	at org.apache.derby.impl.store.access.RAMAccessManager.conglomCacheFind(Unknown Source)
	at org.apache.derby.impl.store.access.RAMTransaction.findConglomerate(Unknown Source)
	at org.apache.derby.impl.store.access.RAMTransaction.findExistingConglomerate(Unknown Source)
	at org.apache.derby.impl.store.access.RAMTransaction.openScan(Unknown Source)
	at org.apache.derby.impl.store.access.PropertyConglomerate.openScan(Unknown Source)
	at org.apache.derby.impl.store.access.PropertyConglomerate.readDbProperties(Unknown Source)
	at org.apache.derby.impl.store.access.PropertyConglomerate.getCachedDbProperties(Unknown Source)
	at org.apache.derby.impl.store.access.PropertyConglomerate.getCachedProperty(Unknown Source)
	at org.apache.derby.impl.store.access.PropertyConglomerate.getProperty(Unknown Source)
	at org.apache.derby.impl.store.access.PC_XenaVersion.upgradeIfNeeded(Unknown Source)
	at org.apache.derby.impl.store.access.PropertyConglomerate.<init>(Unknown Source)
	at org.apache.derby.impl.store.access.RAMAccessManager.boot(Unknown Source)
	at org.apache.derby.impl.services.monitor.BaseMonitor.boot(Unknown Source)
	at org.apache.derby.impl.services.monitor.TopService.bootModule(Unknown Source)
	at org.apache.derby.impl.services.monitor.BaseMonitor.startModule(Unknown Source)
	at org.apache.derby.impl.services.monitor.FileMonitor.startModule(Unknown Source)
	at org.apache.derby.iapi.services.monitor.Monitor.bootServiceModule(Unknown Source)
	at org.apache.derby.impl.db.BasicDatabase.bootStore(Unknown Source)
	at org.apache.derby.impl.db.BasicDatabase.boot(Unknown Source)
	at org.apache.derby.impl.services.monitor.BaseMonitor.boot(Unknown Source)
	at org.apache.derby.impl.services.monitor.TopService.bootModule(Unknown Source)
	at org.apache.derby.impl.services.monitor.BaseMonitor.bootService(Unknown Source)
	at org.apache.derby.impl.services.monitor.BaseMonitor.startProviderService(Unknown Source)
	at org.apache.derby.impl.services.monitor.BaseMonitor.findProviderAndStartService(Unknown Source)
	at org.apache.derby.impl.services.monitor.BaseMonitor.startPersistentService(Unknown Source)
	at org.apache.derby.iapi.services.monitor.Monitor.startPersistentService(Unknown Source)
	... 48 more
============= end nested exception, level (1) ===========
============= begin nested exception, level (2) ===========
ERROR XSAI2: The conglomerate (16) requested does not exist.
	at org.apache.derby.iapi.error.StandardException.newException(Unknown Source)
	at org.apache.derby.iapi.error.StandardException.newException(Unknown Source)
	at org.apache.derby.impl.store.access.heap.HeapConglomerateFactory.readConglomerate(Unknown Source)
	at org.apache.derby.impl.store.access.CacheableConglomerate.setIdentity(Unknown Source)
	at org.apache.derby.impl.services.cache.ConcurrentCache.find(Unknown Source)
	at org.apache.derby.impl.store.access.RAMAccessManager.conglomCacheFind(Unknown Source)
	at org.apache.derby.impl.store.access.RAMTransaction.findConglomerate(Unknown Source)
	at org.apache.derby.impl.store.access.RAMTransaction.findExistingConglomerate(Unknown Source)
	at org.apache.derby.impl.store.access.RAMTransaction.openScan(Unknown Source)
	at org.apache.derby.impl.store.access.PropertyConglomerate.openScan(Unknown Source)
	at org.apache.derby.impl.store.access.PropertyConglomerate.readDbProperties(Unknown Source)
	at org.apache.derby.impl.store.access.PropertyConglomerate.getCachedDbProperties(Unknown Source)
	at org.apache.derby.impl.store.access.PropertyConglomerate.getCachedProperty(Unknown Source)
	at org.apache.derby.impl.store.access.PropertyConglomerate.getProperty(Unknown Source)
	at org.apache.derby.impl.store.access.PC_XenaVersion.upgradeIfNeeded(Unknown Source)
	at org.apache.derby.impl.store.access.PropertyConglomerate.<init>(Unknown Source)
	at org.apache.derby.impl.store.access.RAMAccessManager.boot(Unknown Source)
	at org.apache.derby.impl.services.monitor.BaseMonitor.boot(Unknown Source)
	at org.apache.derby.impl.services.monitor.TopService.bootModule(Unknown Source)
	at org.apache.derby.impl.services.monitor.BaseMonitor.startModule(Unknown Source)
	at org.apache.derby.impl.services.monitor.FileMonitor.startModule(Unknown Source)
	at org.apache.derby.iapi.services.monitor.Monitor.bootServiceModule(Unknown Source)
	at org.apache.derby.impl.db.BasicDatabase.bootStore(Unknown Source)
	at org.apache.derby.impl.db.BasicDatabase.boot(Unknown Source)
	at org.apache.derby.impl.services.monitor.BaseMonitor.boot(Unknown Source)
	at org.apache.derby.impl.services.monitor.TopService.bootModule(Unknown Source)
	at org.apache.derby.impl.services.monitor.BaseMonitor.bootService(Unknown Source)
	at org.apache.derby.impl.services.monitor.BaseMonitor.startProviderService(Unknown Source)
	at org.apache.derby.impl.services.monitor.BaseMonitor.findProviderAndStartService(Unknown Source)
	at org.apache.derby.impl.services.monitor.BaseMonitor.startPersistentService(Unknown Source)
	at org.apache.derby.iapi.services.monitor.Monitor.startPersistentService(Unknown Source)
	at org.apache.derby.impl.jdbc.EmbedConnection.bootDatabase(Unknown Source)
	at org.apache.derby.impl.jdbc.EmbedConnection.<init>(Unknown Source)
	at org.apache.derby.jdbc.InternalDriver.getNewEmbedConnection(Unknown Source)
	at org.apache.derby.jdbc.InternalDriver.connect(Unknown Source)
	at org.apache.derby.jdbc.InternalDriver.connect(Unknown Source)
	at org.apache.derby.jdbc.AutoloadedDriver.connect(Unknown Source)
	at java.sql/java.sql.DriverManager.getConnection(DriverManager.java:677)
	at java.sql/java.sql.DriverManager.getConnection(DriverManager.java:251)
	at guest.guestlist.doconnect(guestlist.java:44)
	at guest.guestlist.<init>(guestlist.java:35)
	at guest.Booking.jButton2ActionPerformed(Booking.java:171)
	at guest.Booking.access$000(Booking.java:11)
	at guest.Booking$1.actionPerformed(Booking.java:52)
	at java.desktop/javax.swing.AbstractButton.fireActionPerformed(AbstractButton.java:1972)
	at java.desktop/javax.swing.AbstractButton$Handler.actionPerformed(AbstractButton.java:2313)
	at java.desktop/javax.swing.DefaultButtonModel.fireActionPerformed(DefaultButtonModel.java:405)
	at java.desktop/javax.swing.DefaultButtonModel.setPressed(DefaultButtonModel.java:262)
	at java.desktop/javax.swing.plaf.basic.BasicButtonListener.mouseReleased(BasicButtonListener.java:279)
	at java.desktop/java.awt.Component.processMouseEvent(Component.java:6617)
	at java.desktop/javax.swing.JComponent.processMouseEvent(JComponent.java:3342)
	at java.desktop/java.awt.Component.processEvent(Component.java:6382)
	at java.desktop/java.awt.Container.processEvent(Container.java:2264)
	at java.desktop/java.awt.Component.dispatchEventImpl(Component.java:4993)
	at java.desktop/java.awt.Container.dispatchEventImpl(Container.java:2322)
	at java.desktop/java.awt.Component.dispatchEvent(Component.java:4825)
	at java.desktop/java.awt.LightweightDispatcher.retargetMouseEvent(Container.java:4934)
	at java.desktop/java.awt.LightweightDispatcher.processMouseEvent(Container.java:4563)
	at java.desktop/java.awt.LightweightDispatcher.dispatchEvent(Container.java:4504)
	at java.desktop/java.awt.Container.dispatchEventImpl(Container.java:2308)
	at java.desktop/java.awt.Window.dispatchEventImpl(Window.java:2773)
	at java.desktop/java.awt.Component.dispatchEvent(Component.java:4825)
	at java.desktop/java.awt.EventQueue.dispatchEventImpl(EventQueue.java:772)
	at java.desktop/java.awt.EventQueue$4.run(EventQueue.java:721)
	at java.desktop/java.awt.EventQueue$4.run(EventQueue.java:715)
	at java.base/java.security.AccessController.doPrivileged(AccessController.java:391)
	at java.base/java.security.ProtectionDomain$JavaSecurityAccessImpl.doIntersectionPrivilege(ProtectionDomain.java:85)
	at java.base/java.security.ProtectionDomain$JavaSecurityAccessImpl.doIntersectionPrivilege(ProtectionDomain.java:95)
	at java.desktop/java.awt.EventQueue$5.run(EventQueue.java:745)
	at java.desktop/java.awt.EventQueue$5.run(EventQueue.java:743)
	at java.base/java.security.AccessController.doPrivileged(AccessController.java:391)
	at java.base/java.security.ProtectionDomain$JavaSecurityAccessImpl.doIntersectionPrivilege(ProtectionDomain.java:85)
	at java.desktop/java.awt.EventQueue.dispatchEvent(EventQueue.java:742)
	at java.desktop/java.awt.EventDispatchThread.pumpOneEventForFilters(EventDispatchThread.java:203)
	at java.desktop/java.awt.EventDispatchThread.pumpEventsForFilter(EventDispatchThread.java:124)
	at java.desktop/java.awt.EventDispatchThread.pumpEventsForHierarchy(EventDispatchThread.java:113)
	at java.desktop/java.awt.EventDispatchThread.pumpEvents(EventDispatchThread.java:109)
	at java.desktop/java.awt.EventDispatchThread.pumpEvents(EventDispatchThread.java:101)
	at java.desktop/java.awt.EventDispatchThread.run(EventDispatchThread.java:90)
============= end nested exception, level (2) ===========
Cleanup action completed
